<?xml version="1.0" encoding="UTF-8"?>
<!-- Generated by org.testng.reporters.JUnitXMLReporter -->
<testsuite ignored="4" hostname="Pramod" failures="1" tests="3" name="Test" time="166.028" errors="0" timestamp="2023-02-05T20:57:21 IST">
  <testcase classname="com.opencart.testLayer.LoginPageTest" name="verifyLoginTest" time="5.048"/>
  <testcase classname="com.opencart.testLayer.RegisterTest" name="verifyRegisterFunctionality" time="7.516">
    <failure type="java.lang.AssertionError" message="expected [Your Account Has Been Created!] but found [Register Account]">
      <![CDATA[java.lang.AssertionError: expected [Your Account Has Been Created!] but found [Register Account]
at com.opencart.testLayer.RegisterTest.verifyRegisterFunctionality(RegisterTest.java:33)
at java.base/java.util.ArrayList.forEach(ArrayList.java:1511)
... Removed 33 stack frames]]>
    </failure>
  </testcase> <!-- verifyRegisterFunctionality -->
  <testcase classname="com.opencart.testLayer.BuyFunctionality" name="verifyBuyProduct" time="109.94"/>
  <testcase classname="com.opencart.testBase.TestBase" name="@BeforeTest start" time="0.0">
    <ignored/>
  </testcase> <!-- @BeforeTest start -->
  <testcase classname="com.opencart.testBase.TestBase" name="@BeforeTest start" time="0.0">
    <ignored/>
  </testcase> <!-- @BeforeTest start -->
  <testcase classname="com.opencart.testBase.TestBase" name="@AfterTest finish" time="0.0">
    <ignored/>
  </testcase> <!-- @AfterTest finish -->
  <testcase classname="com.opencart.testBase.TestBase" name="@AfterTest finish" time="0.0">
    <ignored/>
  </testcase> <!-- @AfterTest finish -->
</testsuite> <!-- Test -->
