<?xml version="1.0" encoding="UTF-8"?>
<!-- Generated by org.testng.reporters.JUnitXMLReporter -->
<testsuite ignored="0" hostname="Pramod" failures="1" tests="3" name="Test" time="108.262" errors="0" timestamp="2023-02-05T14:57:15 IST">
  <testcase classname="com.opencart.testLayer.RegisterTest" name="verifyRegisterFunctions" time="6.051">
    <failure type="java.lang.AssertionError" message="expected [Your Account Has Been Created!] but found [Register Account]">
      <![CDATA[java.lang.AssertionError: expected [Your Account Has Been Created!] but found [Register Account]
at com.opencart.testLayer.RegisterTest.verifyRegisterFunctions(RegisterTest.java:32)
at java.base/java.util.ArrayList.forEach(ArrayList.java:1511)
... Removed 33 stack frames]]>
    </failure>
  </testcase> <!-- verifyRegisterFunctions -->
  <testcase classname="com.opencart.testLayer.BuyFunctionality" name="verifyBuyProject" time="37.559"/>
  <testcase classname="com.opencart.testLayer.LoginPageCase" name="verifyLoginCase" time="3.499"/>
</testsuite> <!-- Test -->
