<?xml version="1.0" encoding="UTF-8"?>
<testng-results ignored="0" total="1" passed="1" failed="0" skipped="0">
  <reporter-output>
  </reporter-output>
  <suite started-at="2023-02-04T12:31:10 IST" name="Default suite" finished-at="2023-02-04T12:31:23 IST" duration-ms="13264">
    <groups>
    </groups>
    <test started-at="2023-02-04T12:31:10 IST" name="Default test" finished-at="2023-02-04T12:31:23 IST" duration-ms="13264">
      <class name="com.opencart.testLayer.RegisterTest">
        <test-method is-config="true" signature="setup()[pri:0, instance:com.opencart.testLayer.RegisterTest@1da2cb77]" started-at="2023-02-04T12:31:10 IST" name="setup" finished-at="2023-02-04T12:31:21 IST" duration-ms="11403" status="PASS">
          <reporter-output>
          </reporter-output>
        </test-method> <!-- setup -->
        <test-method signature="verifyRegisterFunctionality()[pri:0, instance:com.opencart.testLayer.RegisterTest@1da2cb77]" started-at="2023-02-04T12:31:21 IST" name="verifyRegisterFunctionality" finished-at="2023-02-04T12:31:23 IST" duration-ms="1781" status="PASS">
          <reporter-output>
          </reporter-output>
        </test-method> <!-- verifyRegisterFunctionality -->
        <test-method is-config="true" signature="tearDown()[pri:0, instance:com.opencart.testLayer.RegisterTest@1da2cb77]" started-at="2023-02-04T12:31:23 IST" name="tearDown" finished-at="2023-02-04T12:31:23 IST" duration-ms="1" status="PASS">
          <reporter-output>
          </reporter-output>
        </test-method> <!-- tearDown -->
      </class> <!-- com.opencart.testLayer.RegisterTest -->
    </test> <!-- Default test -->
  </suite> <!-- Default suite -->
</testng-results>
